<?xml version="1.0" encoding="UTF-8"?>
<testng-results skipped="0" failed="0" ignored="0" total="1" passed="1">
  <reporter-output>
  </reporter-output>
  <suite name="Default suite" duration-ms="10298" started-at="2018-02-03T05:11:41Z" finished-at="2018-02-03T05:11:51Z">
    <groups>
    </groups>
    <test name="Default test" duration-ms="10298" started-at="2018-02-03T05:11:41Z" finished-at="2018-02-03T05:11:51Z">
      <class name="pack1.NewTest">
        <test-method status="PASS" signature="f()[pri:0, instance:pack1.NewTest@100fc185]" name="f" duration-ms="10244" started-at="2018-02-03T10:41:41Z" finished-at="2018-02-03T10:41:51Z">
          <reporter-output>
          </reporter-output>
        </test-method> <!-- f -->
      </class> <!-- pack1.NewTest -->
    </test> <!-- Default test -->
  </suite> <!-- Default suite -->
</testng-results>
